Running 1m test @ http://192.168.1.237:8082/wrk2-api/post/compose
  1 threads and 10 connections

  Thread calibration: mean lat.: 19.669ms, rate sampling interval: 90ms

-----------------------------------------------------------------------
Test Results @ http://192.168.1.237:8082/wrk2-api/post/compose 
  Thread Stats   Avg      Stdev     99%   +/- Stdev
    Latency    12.63ms   30.74ms 201.60ms   95.09%
    Req/Sec    20.20     14.74    56.00     73.83%
  Latency Distribution (HdrHistogram - Recorded Latency)
 50.000%    6.17ms
 75.000%    6.57ms
 90.000%    8.65ms
 99.000%  201.60ms
 99.900%  294.65ms
 99.990%  298.24ms
 99.999%  298.24ms
100.000%  298.24ms

  Detailed Percentile spectrum:
       Value   Percentile   TotalCount 1/(1-Percentile)

       4.999     0.000000            1         1.00
       5.651     0.100000          103         1.11
       5.831     0.200000          207         1.25
       5.955     0.300000          307         1.43
       6.063     0.400000          408         1.67
       6.171     0.500000          515         2.00
       6.243     0.550000          560         2.22
       6.311     0.600000          615         2.50
       6.371     0.650000          667         2.86
       6.439     0.700000          713         3.33
       6.571     0.750000          765         4.00
       6.643     0.775000          789         4.44
       6.751     0.800000          816         5.00
       6.863     0.825000          841         5.71
       6.983     0.850000          866         6.67
       7.291     0.875000          891         8.00
       7.599     0.887500          904         8.89
       8.671     0.900000          917        10.00
      12.295     0.912500          929        11.43
      22.975     0.925000          942        13.33
      29.727     0.937500          955        16.00
      35.871     0.943750          961        17.78
      43.231     0.950000          968        20.00
      47.711     0.956250          974        22.86
      50.495     0.962500          980        26.67
      61.823     0.968750          987        32.00
      68.287     0.971875          990        35.56
      70.591     0.975000          993        40.00
      95.807     0.978125          996        45.71
     119.999     0.981250          999        53.33
     159.743     0.984375         1003        64.00
     175.103     0.985938         1004        71.11
     186.111     0.987500         1006        80.00
     196.351     0.989062         1007        91.43
     206.847     0.990625         1009       106.67
     234.239     0.992188         1011       128.00
     234.239     0.992969         1011       142.22
     241.407     0.993750         1012       160.00
     250.239     0.994531         1013       182.86
     267.263     0.995313         1014       213.33
     268.543     0.996094         1015       256.00
     268.543     0.996484         1015       284.44
     268.543     0.996875         1015       320.00
     274.175     0.997266         1016       365.71
     274.175     0.997656         1016       426.67
     294.655     0.998047         1017       512.00
     294.655     0.998242         1017       568.89
     294.655     0.998437         1017       640.00
     294.655     0.998633         1017       731.43
     294.655     0.998828         1017       853.33
     298.239     0.999023         1018      1024.00
     298.239     1.000000         1018          inf
#[Mean    =       12.631, StdDeviation   =       30.738]
#[Max     =      297.984, Total count    =         1018]
#[Buckets =           27, SubBuckets     =         2048]
-----------------------------------------------------------------------
  1235 requests in 1.00m, 259.34KB read
  Socket errors: connect 0, read 0, write 0, timeout 5
  Non-2xx or 3xx responses: 1
Requests/sec:     20.58  
Transfer/sec:      4.32KB
