Running 1m test @ http://192.168.1.237:8082/wrk2-api/post/compose
  1 threads and 10 connections

  Thread calibration: mean lat.: 2.371ms, rate sampling interval: 10ms

-----------------------------------------------------------------------
Test Results @ http://192.168.1.237:8082/wrk2-api/post/compose 
  Thread Stats   Avg      Stdev     99%   +/- Stdev
    Latency     2.19ms  512.88us   3.81ms   89.69%
    Req/Sec    21.54     47.53   200.00     81.43%
  Latency Distribution (HdrHistogram - Recorded Latency)
 50.000%    2.06ms
 75.000%    2.24ms
 90.000%    2.68ms
 99.000%    3.81ms
 99.900%    8.48ms
 99.990%    9.64ms
 99.999%    9.64ms
100.000%    9.64ms

  Detailed Percentile spectrum:
       Value   Percentile   TotalCount 1/(1-Percentile)

       1.437     0.000000            1         1.00
       1.873     0.100000          102         1.11
       1.931     0.200000          205         1.25
       1.985     0.300000          306         1.43
       2.019     0.400000          410         1.67
       2.055     0.500000          513         2.00
       2.081     0.550000          564         2.22
       2.109     0.600000          613         2.50
       2.143     0.650000          665         2.86
       2.183     0.700000          714         3.33
       2.241     0.750000          764         4.00
       2.269     0.775000          789         4.44
       2.317     0.800000          816         5.00
       2.363     0.825000          840         5.71
       2.429     0.850000          866         6.67
       2.517     0.875000          891         8.00
       2.623     0.887500          904         8.89
       2.687     0.900000          917        10.00
       2.763     0.912500          929        11.43
       2.817     0.925000          942        13.33
       2.905     0.937500          955        16.00
       2.943     0.943750          961        17.78
       2.995     0.950000          968        20.00
       3.097     0.956250          974        22.86
       3.147     0.962500          980        26.67
       3.213     0.968750          987        32.00
       3.235     0.971875          990        35.56
       3.259     0.975000          993        40.00
       3.347     0.978125          996        45.71
       3.479     0.981250          999        53.33
       3.515     0.984375         1003        64.00
       3.599     0.985938         1004        71.11
       3.695     0.987500         1006        80.00
       3.751     0.989062         1007        91.43
       3.835     0.990625         1009       106.67
       3.871     0.992188         1011       128.00
       3.871     0.992969         1011       142.22
       4.199     0.993750         1012       160.00
       4.263     0.994531         1013       182.86
       4.323     0.995313         1014       213.33
       5.883     0.996094         1015       256.00
       5.883     0.996484         1015       284.44
       5.883     0.996875         1015       320.00
       6.683     0.997266         1016       365.71
       6.683     0.997656         1016       426.67
       8.479     0.998047         1017       512.00
       8.479     0.998242         1017       568.89
       8.479     0.998437         1017       640.00
       8.479     0.998633         1017       731.43
       8.479     0.998828         1017       853.33
       9.639     0.999023         1018      1024.00
       9.639     1.000000         1018          inf
#[Mean    =        2.190, StdDeviation   =        0.513]
#[Max     =        9.632, Total count    =         1018]
#[Buckets =           27, SubBuckets     =         2048]
-----------------------------------------------------------------------
  1235 requests in 1.00m, 311.53KB read
  Socket errors: connect 0, read 0, write 0, timeout 5
  Non-2xx or 3xx responses: 1235
Requests/sec:     20.58  
Transfer/sec:      5.19KB
