Running 1m test @ http://192.168.1.237:8082/wrk2-api/post/compose
  1 threads and 10 connections

  Thread calibration: mean lat.: 2.469ms, rate sampling interval: 10ms

-----------------------------------------------------------------------
Test Results @ http://192.168.1.237:8082/wrk2-api/post/compose 
  Thread Stats   Avg      Stdev     99%   +/- Stdev
    Latency     2.17ms  560.74us   3.89ms   91.26%
    Req/Sec    21.63     47.72   200.00     81.42%
  Latency Distribution (HdrHistogram - Recorded Latency)
 50.000%    2.03ms
 75.000%    2.19ms
 90.000%    2.66ms
 99.000%    3.89ms
 99.900%    9.41ms
 99.990%   10.94ms
 99.999%   10.94ms
100.000%   10.94ms

  Detailed Percentile spectrum:
       Value   Percentile   TotalCount 1/(1-Percentile)

       1.605     0.000000            1         1.00
       1.866     0.100000          102         1.11
       1.926     0.200000          206         1.25
       1.964     0.300000          308         1.43
       2.002     0.400000          414         1.67
       2.032     0.500000          510         2.00
       2.051     0.550000          566         2.22
       2.071     0.600000          614         2.50
       2.099     0.650000          663         2.86
       2.131     0.700000          713         3.33
       2.193     0.750000          764         4.00
       2.231     0.775000          789         4.44
       2.279     0.800000          816         5.00
       2.311     0.825000          840         5.71
       2.391     0.850000          866         6.67
       2.513     0.875000          891         8.00
       2.583     0.887500          904         8.89
       2.665     0.900000          917        10.00
       2.737     0.912500          930        11.43
       2.813     0.925000          943        13.33
       2.867     0.937500          955        16.00
       2.935     0.943750          961        17.78
       3.031     0.950000          968        20.00
       3.117     0.956250          974        22.86
       3.135     0.962500          980        26.67
       3.209     0.968750          987        32.00
       3.377     0.971875          990        35.56
       3.431     0.975000          993        40.00
       3.451     0.978125          996        45.71
       3.563     0.981250          999        53.33
       3.683     0.984375         1003        64.00
       3.763     0.985938         1004        71.11
       3.787     0.987500         1006        80.00
       3.789     0.989062         1007        91.43
       3.927     0.990625         1009       106.67
       4.767     0.992188         1011       128.00
       4.767     0.992969         1011       142.22
       4.983     0.993750         1012       160.00
       5.055     0.994531         1013       182.86
       5.175     0.995313         1014       213.33
       5.239     0.996094         1015       256.00
       5.239     0.996484         1015       284.44
       5.239     0.996875         1015       320.00
       6.295     0.997266         1016       365.71
       6.295     0.997656         1016       426.67
       9.415     0.998047         1017       512.00
       9.415     0.998242         1017       568.89
       9.415     0.998437         1017       640.00
       9.415     0.998633         1017       731.43
       9.415     0.998828         1017       853.33
      10.943     0.999023         1018      1024.00
      10.943     1.000000         1018          inf
#[Mean    =        2.175, StdDeviation   =        0.561]
#[Max     =       10.936, Total count    =         1018]
#[Buckets =           27, SubBuckets     =         2048]
-----------------------------------------------------------------------
  1235 requests in 1.00m, 311.58KB read
  Socket errors: connect 0, read 0, write 0, timeout 5
  Non-2xx or 3xx responses: 1235
Requests/sec:     20.58  
Transfer/sec:      5.19KB
