Running 1m test @ http://192.168.1.237:8082/wrk2-api/post/compose
  1 threads and 10 connections

  Thread calibration: mean lat.: 2.142ms, rate sampling interval: 10ms

-----------------------------------------------------------------------
Test Results @ http://192.168.1.237:8082/wrk2-api/post/compose 
  Thread Stats   Avg      Stdev     99%   +/- Stdev
    Latency     2.17ms  417.63us   3.69ms   88.41%
    Req/Sec    21.59     47.16   200.00     81.27%
  Latency Distribution (HdrHistogram - Recorded Latency)
 50.000%    2.07ms
 75.000%    2.21ms
 90.000%    2.59ms
 99.000%    3.69ms
 99.900%    6.11ms
 99.990%    7.18ms
 99.999%    7.18ms
100.000%    7.18ms

  Detailed Percentile spectrum:
       Value   Percentile   TotalCount 1/(1-Percentile)

       1.527     0.000000            1         1.00
       1.890     0.100000          102         1.11
       1.949     0.200000          205         1.25
       1.987     0.300000          308         1.43
       2.031     0.400000          410         1.67
       2.069     0.500000          512         2.00
       2.091     0.550000          561         2.22
       2.111     0.600000          612         2.50
       2.139     0.650000          663         2.86
       2.163     0.700000          714         3.33
       2.207     0.750000          764         4.00
       2.235     0.775000          789         4.44
       2.259     0.800000          815         5.00
       2.307     0.825000          841         5.71
       2.375     0.850000          866         6.67
       2.465     0.875000          891         8.00
       2.541     0.887500          904         8.89
       2.609     0.900000          917        10.00
       2.665     0.912500          929        11.43
       2.749     0.925000          942        13.33
       2.829     0.937500          956        16.00
       2.845     0.943750          961        17.78
       2.907     0.950000          968        20.00
       2.981     0.956250          974        22.86
       3.107     0.962500          980        26.67
       3.215     0.968750          987        32.00
       3.239     0.971875          990        35.56
       3.253     0.975000          993        40.00
       3.277     0.978125          996        45.71
       3.379     0.981250          999        53.33
       3.477     0.984375         1003        64.00
       3.499     0.985938         1004        71.11
       3.575     0.987500         1006        80.00
       3.597     0.989062         1007        91.43
       3.703     0.990625         1009       106.67
       3.769     0.992188         1011       128.00
       3.769     0.992969         1011       142.22
       3.807     0.993750         1012       160.00
       3.867     0.994531         1013       182.86
       4.399     0.995313         1014       213.33
       5.067     0.996094         1015       256.00
       5.067     0.996484         1015       284.44
       5.067     0.996875         1015       320.00
       5.559     0.997266         1016       365.71
       5.559     0.997656         1016       426.67
       6.115     0.998047         1017       512.00
       6.115     0.998242         1017       568.89
       6.115     0.998437         1017       640.00
       6.115     0.998633         1017       731.43
       6.115     0.998828         1017       853.33
       7.183     0.999023         1018      1024.00
       7.183     1.000000         1018          inf
#[Mean    =        2.172, StdDeviation   =        0.418]
#[Max     =        7.180, Total count    =         1018]
#[Buckets =           27, SubBuckets     =         2048]
-----------------------------------------------------------------------
  1235 requests in 1.00m, 311.56KB read
  Socket errors: connect 0, read 0, write 0, timeout 5
  Non-2xx or 3xx responses: 1235
Requests/sec:     20.58  
Transfer/sec:      5.19KB
