Running 1m test @ http://192.168.1.237:8082/wrk2-api/post/compose
  1 threads and 10 connections

  Thread calibration: mean lat.: 2.175ms, rate sampling interval: 10ms

-----------------------------------------------------------------------
Test Results @ http://192.168.1.237:8082/wrk2-api/post/compose 
  Thread Stats   Avg      Stdev     99%   +/- Stdev
    Latency     2.15ms  431.58us   3.64ms   89.10%
    Req/Sec    21.63     46.82   200.00     81.08%
  Latency Distribution (HdrHistogram - Recorded Latency)
 50.000%    2.03ms
 75.000%    2.19ms
 90.000%    2.55ms
 99.000%    3.64ms
 99.900%    7.03ms
 99.990%    7.22ms
 99.999%    7.22ms
100.000%    7.22ms

  Detailed Percentile spectrum:
       Value   Percentile   TotalCount 1/(1-Percentile)

       1.470     0.000000            1         1.00
       1.865     0.100000          102         1.11
       1.920     0.200000          205         1.25
       1.966     0.300000          308         1.43
       2.001     0.400000          412         1.67
       2.034     0.500000          509         2.00
       2.057     0.550000          567         2.22
       2.081     0.600000          611         2.50
       2.115     0.650000          664         2.86
       2.149     0.700000          714         3.33
       2.191     0.750000          766         4.00
       2.213     0.775000          794         4.44
       2.241     0.800000          815         5.00
       2.299     0.825000          840         5.71
       2.355     0.850000          866         6.67
       2.431     0.875000          891         8.00
       2.495     0.887500          904         8.89
       2.553     0.900000          917        10.00
       2.635     0.912500          929        11.43
       2.721     0.925000          942        13.33
       2.821     0.937500          956        16.00
       2.891     0.943750          961        17.78
       2.985     0.950000          968        20.00
       3.059     0.956250          974        22.86
       3.097     0.962500          980        26.67
       3.157     0.968750          987        32.00
       3.223     0.971875          990        35.56
       3.275     0.975000          993        40.00
       3.311     0.978125          996        45.71
       3.361     0.981250          999        53.33
       3.435     0.984375         1003        64.00
       3.521     0.985938         1004        71.11
       3.597     0.987500         1006        80.00
       3.621     0.989062         1007        91.43
       3.653     0.990625         1009       106.67
       3.709     0.992188         1011       128.00
       3.709     0.992969         1011       142.22
       3.801     0.993750         1012       160.00
       4.115     0.994531         1013       182.86
       4.175     0.995313         1014       213.33
       4.859     0.996094         1015       256.00
       4.859     0.996484         1015       284.44
       4.859     0.996875         1015       320.00
       5.507     0.997266         1016       365.71
       5.507     0.997656         1016       426.67
       7.035     0.998047         1017       512.00
       7.035     0.998242         1017       568.89
       7.035     0.998437         1017       640.00
       7.035     0.998633         1017       731.43
       7.035     0.998828         1017       853.33
       7.219     0.999023         1018      1024.00
       7.219     1.000000         1018          inf
#[Mean    =        2.149, StdDeviation   =        0.432]
#[Max     =        7.216, Total count    =         1018]
#[Buckets =           27, SubBuckets     =         2048]
-----------------------------------------------------------------------
  1235 requests in 1.00m, 311.59KB read
  Socket errors: connect 0, read 0, write 0, timeout 5
  Non-2xx or 3xx responses: 1235
Requests/sec:     20.58  
Transfer/sec:      5.19KB
