Running 1m test @ http://192.168.1.237:8082/wrk2-api/post/compose
  1 threads and 10 connections

  Thread calibration: mean lat.: 2.176ms, rate sampling interval: 10ms

-----------------------------------------------------------------------
Test Results @ http://192.168.1.237:8082/wrk2-api/post/compose 
  Thread Stats   Avg      Stdev     99%   +/- Stdev
    Latency     2.44ms    6.55ms   3.68ms   99.80%
    Req/Sec    21.52     47.24   200.00     81.34%
  Latency Distribution (HdrHistogram - Recorded Latency)
 50.000%    2.08ms
 75.000%    2.23ms
 90.000%    2.65ms
 99.000%    3.68ms
 99.900%   56.45ms
 99.990%  203.90ms
 99.999%  203.90ms
100.000%  203.90ms

  Detailed Percentile spectrum:
       Value   Percentile   TotalCount 1/(1-Percentile)

       1.379     0.000000            1         1.00
       1.878     0.100000          105         1.11
       1.941     0.200000          204         1.25
       1.994     0.300000          308         1.43
       2.033     0.400000          410         1.67
       2.077     0.500000          510         2.00
       2.099     0.550000          566         2.22
       2.123     0.600000          611         2.50
       2.155     0.650000          663         2.86
       2.185     0.700000          716         3.33
       2.229     0.750000          764         4.00
       2.253     0.775000          789         4.44
       2.291     0.800000          816         5.00
       2.341     0.825000          840         5.71
       2.429     0.850000          866         6.67
       2.527     0.875000          891         8.00
       2.583     0.887500          904         8.89
       2.657     0.900000          917        10.00
       2.721     0.912500          929        11.43
       2.797     0.925000          942        13.33
       2.893     0.937500          955        16.00
       2.951     0.943750          961        17.78
       3.067     0.950000          968        20.00
       3.137     0.956250          974        22.86
       3.235     0.962500          980        26.67
       3.321     0.968750          987        32.00
       3.339     0.971875          990        35.56
       3.375     0.975000          993        40.00
       3.395     0.978125          996        45.71
       3.451     0.981250          999        53.33
       3.543     0.984375         1003        64.00
       3.557     0.985938         1004        71.11
       3.615     0.987500         1006        80.00
       3.619     0.989062         1007        91.43
       3.715     0.990625         1009       106.67
       4.041     0.992188         1011       128.00
       4.041     0.992969         1011       142.22
       4.061     0.993750         1012       160.00
       5.163     0.994531         1013       182.86
       5.331     0.995313         1014       213.33
       5.831     0.996094         1015       256.00
       5.831     0.996484         1015       284.44
       5.831     0.996875         1015       320.00
       7.671     0.997266         1016       365.71
       7.671     0.997656         1016       426.67
      56.447     0.998047         1017       512.00
      56.447     0.998242         1017       568.89
      56.447     0.998437         1017       640.00
      56.447     0.998633         1017       731.43
      56.447     0.998828         1017       853.33
     203.903     0.999023         1018      1024.00
     203.903     1.000000         1018          inf
#[Mean    =        2.435, StdDeviation   =        6.555]
#[Max     =      203.776, Total count    =         1018]
#[Buckets =           27, SubBuckets     =         2048]
-----------------------------------------------------------------------
  1235 requests in 1.00m, 312.33KB read
  Socket errors: connect 0, read 0, write 0, timeout 5
  Non-2xx or 3xx responses: 1235
Requests/sec:     20.58  
Transfer/sec:      5.20KB
