Running 1m test @ http://192.168.1.237:8082/wrk2-api/post/compose
  1 threads and 10 connections

  Thread calibration: mean lat.: 2.311ms, rate sampling interval: 10ms

-----------------------------------------------------------------------
Test Results @ http://192.168.1.237:8082/wrk2-api/post/compose 
  Thread Stats   Avg      Stdev     99%   +/- Stdev
    Latency     2.24ms  393.18us   3.74ms   84.68%
    Req/Sec    21.51     46.68   200.00     81.11%
  Latency Distribution (HdrHistogram - Recorded Latency)
 50.000%    2.12ms
 75.000%    2.33ms
 90.000%    2.70ms
 99.000%    3.74ms
 99.900%    4.33ms
 99.990%    4.99ms
 99.999%    4.99ms
100.000%    4.99ms

  Detailed Percentile spectrum:
       Value   Percentile   TotalCount 1/(1-Percentile)

       1.475     0.000000            1         1.00
       1.921     0.100000          103         1.11
       1.986     0.200000          208         1.25
       2.031     0.300000          307         1.43
       2.077     0.400000          409         1.67
       2.125     0.500000          510         2.00
       2.157     0.550000          562         2.22
       2.181     0.600000          611         2.50
       2.215     0.650000          662         2.86
       2.265     0.700000          713         3.33
       2.333     0.750000          764         4.00
       2.371     0.775000          789         4.44
       2.411     0.800000          816         5.00
       2.487     0.825000          840         5.71
       2.531     0.850000          866         6.67
       2.617     0.875000          891         8.00
       2.659     0.887500          907         8.89
       2.709     0.900000          918        10.00
       2.807     0.912500          929        11.43
       2.873     0.925000          942        13.33
       2.947     0.937500          955        16.00
       2.999     0.943750          961        17.78
       3.079     0.950000          969        20.00
       3.131     0.956250          974        22.86
       3.193     0.962500          980        26.67
       3.327     0.968750          987        32.00
       3.363     0.971875          990        35.56
       3.381     0.975000          993        40.00
       3.435     0.978125          996        45.71
       3.497     0.981250          999        53.33
       3.581     0.984375         1003        64.00
       3.623     0.985938         1004        71.11
       3.693     0.987500         1006        80.00
       3.699     0.989062         1007        91.43
       3.755     0.990625         1009       106.67
       3.989     0.992188         1011       128.00
       3.989     0.992969         1011       142.22
       4.051     0.993750         1012       160.00
       4.075     0.994531         1013       182.86
       4.139     0.995313         1014       213.33
       4.163     0.996094         1015       256.00
       4.163     0.996484         1015       284.44
       4.163     0.996875         1015       320.00
       4.275     0.997266         1016       365.71
       4.275     0.997656         1016       426.67
       4.327     0.998047         1017       512.00
       4.327     0.998242         1017       568.89
       4.327     0.998437         1017       640.00
       4.327     0.998633         1017       731.43
       4.327     0.998828         1017       853.33
       4.991     0.999023         1018      1024.00
       4.991     1.000000         1018          inf
#[Mean    =        2.241, StdDeviation   =        0.393]
#[Max     =        4.988, Total count    =         1018]
#[Buckets =           27, SubBuckets     =         2048]
-----------------------------------------------------------------------
  1235 requests in 1.00m, 311.05KB read
  Socket errors: connect 0, read 0, write 0, timeout 5
  Non-2xx or 3xx responses: 1235
Requests/sec:     20.58  
Transfer/sec:      5.18KB
