Running 1m test @ http://192.168.1.237:8082/wrk2-api/post/compose
  1 threads and 10 connections

  Thread calibration: mean lat.: 2.247ms, rate sampling interval: 10ms

-----------------------------------------------------------------------
Test Results @ http://192.168.1.237:8082/wrk2-api/post/compose 
  Thread Stats   Avg      Stdev     99%   +/- Stdev
    Latency     2.17ms  392.41us   3.60ms   85.76%
    Req/Sec    21.66     47.34   200.00     81.24%
  Latency Distribution (HdrHistogram - Recorded Latency)
 50.000%    2.06ms
 75.000%    2.21ms
 90.000%    2.68ms
 99.000%    3.60ms
 99.900%    4.66ms
 99.990%    6.18ms
 99.999%    6.18ms
100.000%    6.18ms

  Detailed Percentile spectrum:
       Value   Percentile   TotalCount 1/(1-Percentile)

       1.622     0.000000            1         1.00
       1.878     0.100000          102         1.11
       1.935     0.200000          206         1.25
       1.978     0.300000          310         1.43
       2.019     0.400000          408         1.67
       2.059     0.500000          509         2.00
       2.085     0.550000          565         2.22
       2.115     0.600000          614         2.50
       2.141     0.650000          663         2.86
       2.173     0.700000          717         3.33
       2.211     0.750000          766         4.00
       2.253     0.775000          790         4.44
       2.281     0.800000          816         5.00
       2.329     0.825000          840         5.71
       2.423     0.850000          866         6.67
       2.531     0.875000          891         8.00
       2.623     0.887500          904         8.89
       2.685     0.900000          917        10.00
       2.735     0.912500          929        11.43
       2.827     0.925000          942        13.33
       2.929     0.937500          955        16.00
       2.959     0.943750          961        17.78
       3.003     0.950000          969        20.00
       3.067     0.956250          974        22.86
       3.101     0.962500          980        26.67
       3.241     0.968750          987        32.00
       3.271     0.971875          990        35.56
       3.341     0.975000          993        40.00
       3.375     0.978125          996        45.71
       3.453     0.981250          999        53.33
       3.511     0.984375         1003        64.00
       3.517     0.985938         1004        71.11
       3.577     0.987500         1006        80.00
       3.583     0.989062         1007        91.43
       3.655     0.990625         1009       106.67
       3.695     0.992188         1011       128.00
       3.695     0.992969         1011       142.22
       3.737     0.993750         1013       160.00
       3.737     0.994531         1013       182.86
       3.881     0.995313         1014       213.33
       3.917     0.996094         1015       256.00
       3.917     0.996484         1015       284.44
       3.917     0.996875         1015       320.00
       4.107     0.997266         1016       365.71
       4.107     0.997656         1016       426.67
       4.659     0.998047         1017       512.00
       4.659     0.998242         1017       568.89
       4.659     0.998437         1017       640.00
       4.659     0.998633         1017       731.43
       4.659     0.998828         1017       853.33
       6.183     0.999023         1018      1024.00
       6.183     1.000000         1018          inf
#[Mean    =        2.174, StdDeviation   =        0.392]
#[Max     =        6.180, Total count    =         1018]
#[Buckets =           27, SubBuckets     =         2048]
-----------------------------------------------------------------------
  1235 requests in 1.00m, 311.54KB read
  Socket errors: connect 0, read 0, write 0, timeout 5
  Non-2xx or 3xx responses: 1235
Requests/sec:     20.58  
Transfer/sec:      5.19KB
