Running 1m test @ http://192.168.1.237:8082/wrk2-api/post/compose
  1 threads and 10 connections

  Thread calibration: mean lat.: 2.501ms, rate sampling interval: 10ms

-----------------------------------------------------------------------
Test Results @ http://192.168.1.237:8082/wrk2-api/post/compose 
  Thread Stats   Avg      Stdev     99%   +/- Stdev
    Latency     2.14ms  354.56us   3.51ms   84.97%
    Req/Sec    21.64     47.13   200.00     81.16%
  Latency Distribution (HdrHistogram - Recorded Latency)
 50.000%    2.04ms
 75.000%    2.20ms
 90.000%    2.56ms
 99.000%    3.51ms
 99.900%    4.20ms
 99.990%    4.79ms
 99.999%    4.79ms
100.000%    4.79ms

  Detailed Percentile spectrum:
       Value   Percentile   TotalCount 1/(1-Percentile)

       1.475     0.000000            1         1.00
       1.850     0.100000          102         1.11
       1.913     0.200000          206         1.25
       1.960     0.300000          310         1.43
       2.000     0.400000          408         1.67
       2.039     0.500000          511         2.00
       2.059     0.550000          561         2.22
       2.081     0.600000          611         2.50
       2.117     0.650000          667         2.86
       2.157     0.700000          715         3.33
       2.199     0.750000          764         4.00
       2.235     0.775000          790         4.44
       2.275     0.800000          815         5.00
       2.319     0.825000          840         5.71
       2.371     0.850000          866         6.67
       2.467     0.875000          891         8.00
       2.507     0.887500          904         8.89
       2.563     0.900000          917        10.00
       2.629     0.912500          929        11.43
       2.679     0.925000          942        13.33
       2.761     0.937500          956        16.00
       2.835     0.943750          961        17.78
       2.885     0.950000          968        20.00
       2.955     0.956250          974        22.86
       2.997     0.962500          980        26.67
       3.107     0.968750          987        32.00
       3.147     0.971875          990        35.56
       3.163     0.975000          993        40.00
       3.189     0.978125          996        45.71
       3.269     0.981250          999        53.33
       3.369     0.984375         1003        64.00
       3.399     0.985938         1004        71.11
       3.477     0.987500         1006        80.00
       3.509     0.989062         1007        91.43
       3.517     0.990625         1009       106.67
       3.627     0.992188         1011       128.00
       3.627     0.992969         1011       142.22
       3.799     0.993750         1012       160.00
       3.871     0.994531         1013       182.86
       3.889     0.995313         1014       213.33
       3.897     0.996094         1015       256.00
       3.897     0.996484         1015       284.44
       3.897     0.996875         1015       320.00
       4.073     0.997266         1016       365.71
       4.073     0.997656         1016       426.67
       4.203     0.998047         1017       512.00
       4.203     0.998242         1017       568.89
       4.203     0.998437         1017       640.00
       4.203     0.998633         1017       731.43
       4.203     0.998828         1017       853.33
       4.787     0.999023         1018      1024.00
       4.787     1.000000         1018          inf
#[Mean    =        2.138, StdDeviation   =        0.355]
#[Max     =        4.784, Total count    =         1018]
#[Buckets =           27, SubBuckets     =         2048]
-----------------------------------------------------------------------
  1235 requests in 1.00m, 311.56KB read
  Socket errors: connect 0, read 0, write 0, timeout 5
  Non-2xx or 3xx responses: 1235
Requests/sec:     20.58  
Transfer/sec:      5.19KB
