Running 1m test @ http://192.168.1.237:8082/wrk2-api/post/compose
  1 threads and 10 connections

  Thread calibration: mean lat.: 2.458ms, rate sampling interval: 10ms

-----------------------------------------------------------------------
Test Results @ http://192.168.1.237:8082/wrk2-api/post/compose 
  Thread Stats   Avg      Stdev     99%   +/- Stdev
    Latency     2.20ms  392.26us   3.74ms   84.77%
    Req/Sec    21.54     46.95   200.00     81.23%
  Latency Distribution (HdrHistogram - Recorded Latency)
 50.000%    2.09ms
 75.000%    2.28ms
 90.000%    2.64ms
 99.000%    3.74ms
 99.900%    4.48ms
 99.990%    5.53ms
 99.999%    5.53ms
100.000%    5.53ms

  Detailed Percentile spectrum:
       Value   Percentile   TotalCount 1/(1-Percentile)

       1.535     0.000000            1         1.00
       1.891     0.100000          102         1.11
       1.948     0.200000          204         1.25
       2.004     0.300000          309         1.43
       2.049     0.400000          409         1.67
       2.093     0.500000          510         2.00
       2.117     0.550000          562         2.22
       2.143     0.600000          611         2.50
       2.175     0.650000          663         2.86
       2.223     0.700000          715         3.33
       2.275     0.750000          765         4.00
       2.303     0.775000          790         4.44
       2.341     0.800000          815         5.00
       2.399     0.825000          841         5.71
       2.467     0.850000          867         6.67
       2.541     0.875000          891         8.00
       2.599     0.887500          904         8.89
       2.651     0.900000          917        10.00
       2.715     0.912500          929        11.43
       2.797     0.925000          942        13.33
       2.897     0.937500          955        16.00
       2.939     0.943750          961        17.78
       2.997     0.950000          968        20.00
       3.075     0.956250          974        22.86
       3.159     0.962500          980        26.67
       3.197     0.968750          987        32.00
       3.229     0.971875          990        35.56
       3.263     0.975000          993        40.00
       3.293     0.978125          996        45.71
       3.373     0.981250          999        53.33
       3.457     0.984375         1003        64.00
       3.585     0.985938         1004        71.11
       3.665     0.987500         1006        80.00
       3.715     0.989062         1007        91.43
       3.763     0.990625         1009       106.67
       3.857     0.992188         1011       128.00
       3.857     0.992969         1011       142.22
       3.859     0.993750         1012       160.00
       4.255     0.994531         1013       182.86
       4.311     0.995313         1014       213.33
       4.403     0.996094         1015       256.00
       4.403     0.996484         1015       284.44
       4.403     0.996875         1015       320.00
       4.431     0.997266         1016       365.71
       4.431     0.997656         1016       426.67
       4.479     0.998047         1017       512.00
       4.479     0.998242         1017       568.89
       4.479     0.998437         1017       640.00
       4.479     0.998633         1017       731.43
       4.479     0.998828         1017       853.33
       5.531     0.999023         1018      1024.00
       5.531     1.000000         1018          inf
#[Mean    =        2.198, StdDeviation   =        0.392]
#[Max     =        5.528, Total count    =         1018]
#[Buckets =           27, SubBuckets     =         2048]
-----------------------------------------------------------------------
  1235 requests in 1.00m, 311.48KB read
  Socket errors: connect 0, read 0, write 0, timeout 5
  Non-2xx or 3xx responses: 1235
Requests/sec:     20.58  
Transfer/sec:      5.19KB
