Running 1m test @ http://192.168.1.237:8082/wrk2-api/post/compose
  1 threads and 10 connections

  Thread calibration: mean lat.: 2.505ms, rate sampling interval: 10ms

-----------------------------------------------------------------------
Test Results @ http://192.168.1.237:8082/wrk2-api/post/compose 
  Thread Stats   Avg      Stdev     99%   +/- Stdev
    Latency     2.26ms  493.23us   4.03ms   88.51%
    Req/Sec    21.54     47.07   200.00     81.28%
  Latency Distribution (HdrHistogram - Recorded Latency)
 50.000%    2.12ms
 75.000%    2.37ms
 90.000%    2.76ms
 99.000%    4.03ms
 99.900%    6.09ms
 99.990%    9.45ms
 99.999%    9.45ms
100.000%    9.45ms

  Detailed Percentile spectrum:
       Value   Percentile   TotalCount 1/(1-Percentile)

       1.652     0.000000            1         1.00
       1.896     0.100000          103         1.11
       1.960     0.200000          205         1.25
       2.009     0.300000          306         1.43
       2.067     0.400000          412         1.67
       2.125     0.500000          511         2.00
       2.165     0.550000          561         2.22
       2.199     0.600000          611         2.50
       2.251     0.650000          664         2.86
       2.293     0.700000          714         3.33
       2.367     0.750000          764         4.00
       2.415     0.775000          790         4.44
       2.453     0.800000          817         5.00
       2.517     0.825000          840         5.71
       2.581     0.850000          867         6.67
       2.681     0.875000          891         8.00
       2.721     0.887500          905         8.89
       2.765     0.900000          917        10.00
       2.825     0.912500          929        11.43
       2.877     0.925000          942        13.33
       2.953     0.937500          955        16.00
       2.983     0.943750          961        17.78
       3.067     0.950000          968        20.00
       3.181     0.956250          974        22.86
       3.259     0.962500          980        26.67
       3.391     0.968750          987        32.00
       3.489     0.971875          990        35.56
       3.523     0.975000          993        40.00
       3.583     0.978125          996        45.71
       3.677     0.981250          999        53.33
       3.781     0.984375         1003        64.00
       3.797     0.985938         1004        71.11
       4.015     0.987500         1006        80.00
       4.023     0.989062         1007        91.43
       4.047     0.990625         1009       106.67
       4.139     0.992188         1011       128.00
       4.139     0.992969         1011       142.22
       4.211     0.993750         1012       160.00
       4.271     0.994531         1013       182.86
       4.319     0.995313         1014       213.33
       5.027     0.996094         1015       256.00
       5.027     0.996484         1015       284.44
       5.027     0.996875         1015       320.00
       5.087     0.997266         1016       365.71
       5.087     0.997656         1016       426.67
       6.095     0.998047         1017       512.00
       6.095     0.998242         1017       568.89
       6.095     0.998437         1017       640.00
       6.095     0.998633         1017       731.43
       6.095     0.998828         1017       853.33
       9.447     0.999023         1018      1024.00
       9.447     1.000000         1018          inf
#[Mean    =        2.260, StdDeviation   =        0.493]
#[Max     =        9.440, Total count    =         1018]
#[Buckets =           27, SubBuckets     =         2048]
-----------------------------------------------------------------------
  1235 requests in 1.00m, 311.66KB read
  Socket errors: connect 0, read 0, write 0, timeout 5
  Non-2xx or 3xx responses: 1235
Requests/sec:     20.58  
Transfer/sec:      5.19KB
