Running 1m test @ http://192.168.1.237:8082/wrk2-api/post/compose
  1 threads and 10 connections

  Thread calibration: mean lat.: 2.324ms, rate sampling interval: 10ms

-----------------------------------------------------------------------
Test Results @ http://192.168.1.237:8082/wrk2-api/post/compose 
  Thread Stats   Avg      Stdev     99%   +/- Stdev
    Latency     2.17ms  411.11us   3.82ms   86.84%
    Req/Sec    21.55     47.15   200.00     81.30%
  Latency Distribution (HdrHistogram - Recorded Latency)
 50.000%    2.06ms
 75.000%    2.24ms
 90.000%    2.60ms
 99.000%    3.82ms
 99.900%    5.15ms
 99.990%    5.63ms
 99.999%    5.63ms
100.000%    5.63ms

  Detailed Percentile spectrum:
       Value   Percentile   TotalCount 1/(1-Percentile)

       1.498     0.000000            1         1.00
       1.852     0.100000          103         1.11
       1.912     0.200000          206         1.25
       1.958     0.300000          308         1.43
       1.997     0.400000          409         1.67
       2.055     0.500000          509         2.00
       2.081     0.550000          561         2.22
       2.107     0.600000          613         2.50
       2.133     0.650000          663         2.86
       2.173     0.700000          715         3.33
       2.245     0.750000          764         4.00
       2.293     0.775000          791         4.44
       2.351     0.800000          815         5.00
       2.401     0.825000          841         5.71
       2.465     0.850000          866         6.67
       2.531     0.875000          893         8.00
       2.561     0.887500          904         8.89
       2.605     0.900000          917        10.00
       2.667     0.912500          929        11.43
       2.799     0.925000          942        13.33
       2.843     0.937500          955        16.00
       2.917     0.943750          961        17.78
       2.977     0.950000          968        20.00
       3.027     0.956250          974        22.86
       3.115     0.962500          980        26.67
       3.197     0.968750          987        32.00
       3.237     0.971875          990        35.56
       3.301     0.975000          993        40.00
       3.333     0.978125          996        45.71
       3.443     0.981250          999        53.33
       3.557     0.984375         1003        64.00
       3.583     0.985938         1004        71.11
       3.659     0.987500         1006        80.00
       3.753     0.989062         1007        91.43
       3.845     0.990625         1009       106.67
       3.889     0.992188         1011       128.00
       3.889     0.992969         1011       142.22
       3.899     0.993750         1012       160.00
       4.037     0.994531         1013       182.86
       4.367     0.995313         1014       213.33
       4.691     0.996094         1015       256.00
       4.691     0.996484         1015       284.44
       4.691     0.996875         1015       320.00
       4.923     0.997266         1016       365.71
       4.923     0.997656         1016       426.67
       5.147     0.998047         1017       512.00
       5.147     0.998242         1017       568.89
       5.147     0.998437         1017       640.00
       5.147     0.998633         1017       731.43
       5.147     0.998828         1017       853.33
       5.631     0.999023         1018      1024.00
       5.631     1.000000         1018          inf
#[Mean    =        2.166, StdDeviation   =        0.411]
#[Max     =        5.628, Total count    =         1018]
#[Buckets =           27, SubBuckets     =         2048]
-----------------------------------------------------------------------
  1235 requests in 1.00m, 311.52KB read
  Socket errors: connect 0, read 0, write 0, timeout 5
  Non-2xx or 3xx responses: 1235
Requests/sec:     20.58  
Transfer/sec:      5.19KB
