Running 1m test @ http://192.168.1.237:8082/wrk2-api/post/compose
  1 threads and 10 connections

  Thread calibration: mean lat.: 2.325ms, rate sampling interval: 10ms

-----------------------------------------------------------------------
Test Results @ http://192.168.1.237:8082/wrk2-api/post/compose 
  Thread Stats   Avg      Stdev     99%   +/- Stdev
    Latency     2.16ms  460.74us   3.60ms   89.59%
    Req/Sec    21.63     47.45   200.00     81.29%
  Latency Distribution (HdrHistogram - Recorded Latency)
 50.000%    2.04ms
 75.000%    2.20ms
 90.000%    2.56ms
 99.000%    3.60ms
 99.900%    5.48ms
 99.990%   11.15ms
 99.999%   11.15ms
100.000%   11.15ms

  Detailed Percentile spectrum:
       Value   Percentile   TotalCount 1/(1-Percentile)

       1.531     0.000000            1         1.00
       1.880     0.100000          103         1.11
       1.929     0.200000          204         1.25
       1.965     0.300000          307         1.43
       1.997     0.400000          410         1.67
       2.043     0.500000          511         2.00
       2.065     0.550000          565         2.22
       2.089     0.600000          615         2.50
       2.125     0.650000          666         2.86
       2.163     0.700000          715         3.33
       2.203     0.750000          765         4.00
       2.231     0.775000          791         4.44
       2.265     0.800000          815         5.00
       2.305     0.825000          840         5.71
       2.371     0.850000          866         6.67
       2.481     0.875000          891         8.00
       2.513     0.887500          904         8.89
       2.567     0.900000          917        10.00
       2.669     0.912500          929        11.43
       2.733     0.925000          942        13.33
       2.797     0.937500          955        16.00
       2.845     0.943750          961        17.78
       2.883     0.950000          968        20.00
       2.943     0.956250          974        22.86
       3.035     0.962500          980        26.67
       3.093     0.968750          987        32.00
       3.195     0.971875          990        35.56
       3.227     0.975000          993        40.00
       3.283     0.978125          996        45.71
       3.323     0.981250          999        53.33
       3.425     0.984375         1003        64.00
       3.443     0.985938         1004        71.11
       3.545     0.987500         1006        80.00
       3.581     0.989062         1007        91.43
       3.641     0.990625         1009       106.67
       3.723     0.992188         1011       128.00
       3.723     0.992969         1011       142.22
       3.865     0.993750         1012       160.00
       3.881     0.994531         1013       182.86
       4.219     0.995313         1014       213.33
       4.223     0.996094         1015       256.00
       4.223     0.996484         1015       284.44
       4.223     0.996875         1015       320.00
       4.479     0.997266         1016       365.71
       4.479     0.997656         1016       426.67
       5.483     0.998047         1017       512.00
       5.483     0.998242         1017       568.89
       5.483     0.998437         1017       640.00
       5.483     0.998633         1017       731.43
       5.483     0.998828         1017       853.33
      11.151     0.999023         1018      1024.00
      11.151     1.000000         1018          inf
#[Mean    =        2.156, StdDeviation   =        0.461]
#[Max     =       11.144, Total count    =         1018]
#[Buckets =           27, SubBuckets     =         2048]
-----------------------------------------------------------------------
  1235 requests in 1.00m, 311.58KB read
  Socket errors: connect 0, read 0, write 0, timeout 5
  Non-2xx or 3xx responses: 1235
Requests/sec:     20.58  
Transfer/sec:      5.19KB
