Running 1m test @ http://192.168.1.237:8082/wrk2-api/post/compose
  1 threads and 10 connections

  Thread calibration: mean lat.: 2.241ms, rate sampling interval: 10ms

-----------------------------------------------------------------------
Test Results @ http://192.168.1.237:8082/wrk2-api/post/compose 
  Thread Stats   Avg      Stdev     99%   +/- Stdev
    Latency     2.17ms  427.19us   3.98ms   87.62%
    Req/Sec    21.59     47.65   200.00     81.41%
  Latency Distribution (HdrHistogram - Recorded Latency)
 50.000%    2.05ms
 75.000%    2.22ms
 90.000%    2.62ms
 99.000%    3.98ms
 99.900%    5.25ms
 99.990%    5.68ms
 99.999%    5.68ms
100.000%    5.68ms

  Detailed Percentile spectrum:
       Value   Percentile   TotalCount 1/(1-Percentile)

       1.513     0.000000            1         1.00
       1.874     0.100000          104         1.11
       1.936     0.200000          207         1.25
       1.974     0.300000          310         1.43
       2.012     0.400000          411         1.67
       2.051     0.500000          509         2.00
       2.075     0.550000          563         2.22
       2.105     0.600000          612         2.50
       2.129     0.650000          665         2.86
       2.165     0.700000          714         3.33
       2.219     0.750000          764         4.00
       2.251     0.775000          789         4.44
       2.297     0.800000          816         5.00
       2.355     0.825000          840         5.71
       2.419     0.850000          868         6.67
       2.519     0.875000          891         8.00
       2.585     0.887500          906         8.89
       2.625     0.900000          917        10.00
       2.689     0.912500          929        11.43
       2.771     0.925000          943        13.33
       2.827     0.937500          955        16.00
       2.889     0.943750          961        17.78
       2.975     0.950000          968        20.00
       3.035     0.956250          974        22.86
       3.093     0.962500          980        26.67
       3.189     0.968750          987        32.00
       3.307     0.971875          990        35.56
       3.373     0.975000          993        40.00
       3.483     0.978125          996        45.71
       3.575     0.981250          999        53.33
       3.663     0.984375         1003        64.00
       3.703     0.985938         1004        71.11
       3.919     0.987500         1006        80.00
       3.953     0.989062         1007        91.43
       4.303     0.990625         1009       106.67
       4.455     0.992188         1011       128.00
       4.455     0.992969         1011       142.22
       4.491     0.993750         1012       160.00
       4.563     0.994531         1013       182.86
       4.579     0.995313         1014       213.33
       4.683     0.996094         1015       256.00
       4.683     0.996484         1015       284.44
       4.683     0.996875         1015       320.00
       5.059     0.997266         1016       365.71
       5.059     0.997656         1016       426.67
       5.251     0.998047         1017       512.00
       5.251     0.998242         1017       568.89
       5.251     0.998437         1017       640.00
       5.251     0.998633         1017       731.43
       5.251     0.998828         1017       853.33
       5.675     0.999023         1018      1024.00
       5.675     1.000000         1018          inf
#[Mean    =        2.174, StdDeviation   =        0.427]
#[Max     =        5.672, Total count    =         1018]
#[Buckets =           27, SubBuckets     =         2048]
-----------------------------------------------------------------------
  1235 requests in 1.00m, 311.59KB read
  Socket errors: connect 0, read 0, write 0, timeout 5
  Non-2xx or 3xx responses: 1235
Requests/sec:     20.58  
Transfer/sec:      5.19KB
