log time: 2024-09-30 02:02:49,673 level: INFO message: env create: wk20-sn_5causal_3parameters line: 35
log time: 2024-09-30 02:02:49,673 level: INFO message: result path: /home/lilong/iSafeRM/output/results/social_network/iSafeRM-2024-09-30-02-02-49-wk20-sn_5causal_3parameters line: 46
log time: 2024-09-30 02:03:07,974 level: INFO message: env create: wk20-sn_5causal_3parameters line: 35
log time: 2024-09-30 02:03:07,975 level: INFO message: result path: /home/lilong/iSafeRM/output/results/social_network/iSafeRM-2024-09-30-02-03-07-wk20-sn_5causal_3parameters line: 46
log time: 2024-09-30 02:03:13,861 level: INFO message: Task 0 start, please wait several minutes to generate result... line: 171
log time: 2024-09-30 02:24:14,268 level: INFO message: original_observation: [0.83, 0, 0.0, 0.0, 0.51, 4.81, 1.87, 1.09, 4.65, 0.8, 36.0, 20, 43.231] line: 205
log time: 2024-09-30 02:24:14,269 level: INFO message: observation: [0.83, 0, 0.0, 0.0, 0.51, 4.81, 1.87, 1.09, 4.65, 0.8, 36.0, 20, 43.231] line: 223
log time: 2024-09-30 02:24:14,269 level: INFO message: terminated/truncated: False line: 224
log time: 2024-09-30 02:24:14,269 level: INFO message: reward: 1.7 line: 225
log time: 2024-09-30 02:24:14,269 level: INFO message: cost: 0 line: 226
log time: 2024-09-30 02:24:14,274 level: WARNING message: env init line: 366
log time: 2024-09-30 02:24:14,284 level: INFO message: action: [1.0159464, 0.81201863, 0.31503057, -0.43975663, -1.5993398, 1.632976, 1.0670519, 0.12574577, -0.35139537, -1.9531311, -1.2596916, -0.5860327, -1.1147501, -0.5987287, -0.046415865, -1.1169188] line: 336
log time: 2024-09-30 02:24:14,285 level: INFO message: save task conf:/home/lilong/iSafeRM/output/results/social_network/iSafeRM-2024-09-30-02-02-49-wk20-sn_5causal_3parameters/conf/1_conf.yml line: 340
log time: 2024-09-30 02:24:14,291 level: INFO message: Task 1 start, please wait several minutes to generate result... line: 171
log time: 2024-09-30 02:43:33,871 level: INFO message: original_observation: [0.83, 0.0, 0.0, 0.0, 0.54, 3.72, 1.73, 2.36, 4.98, 1.02, 31.0, 20, 3.079] line: 205
log time: 2024-09-30 02:43:33,872 level: INFO message: observation: [0.83, 0.0, 0.0, 0.0, 0.54, 3.72, 1.73, 2.36, 4.98, 1.02, 31.0, 20, 3.079] line: 223
log time: 2024-09-30 02:43:33,872 level: INFO message: terminated/truncated: False line: 224
log time: 2024-09-30 02:43:33,872 level: INFO message: reward: 1.81 line: 225
log time: 2024-09-30 02:43:33,872 level: INFO message: cost: 0 line: 226
log time: 2024-09-30 02:43:33,893 level: INFO message: action: [-0.64171726, 0.327914, -1.359191, -1.8269832, 0.37229753, 0.72954893, 0.51969755, 1.7562506, 1.3236198, -0.91878456, 0.9798424, 0.15311813, -0.6163227, -0.8219176, 1.3338077, -2.461815] line: 336
log time: 2024-09-30 02:43:33,894 level: INFO message: save task conf:/home/lilong/iSafeRM/output/results/social_network/iSafeRM-2024-09-30-02-02-49-wk20-sn_5causal_3parameters/conf/2_conf.yml line: 340
log time: 2024-09-30 02:43:33,897 level: INFO message: Task 2 start, please wait several minutes to generate result... line: 171
log time: 2024-09-30 03:03:03,830 level: INFO message: original_observation: [0.83, 0.01, 0.0, 0.0, 0.36, 4.43, 1.88, 0.95, 9.36, 0.77, 30.0, 20, 2.973] line: 205
log time: 2024-09-30 03:03:03,831 level: INFO message: observation: [0.83, 0.01, 0.0, 0.0, 0.36, 4.43, 1.88, 0.95, 9.36, 0.77, 30.0, 20, 2.973] line: 223
log time: 2024-09-30 03:03:03,831 level: INFO message: terminated/truncated: False line: 224
log time: 2024-09-30 03:03:03,831 level: INFO message: reward: 1.03 line: 225
log time: 2024-09-30 03:03:03,832 level: INFO message: cost: 0 line: 226
log time: 2024-09-30 03:03:03,843 level: INFO message: action: [0.84474254, 0.7512164, 2.180323, -1.707072, -0.9832143, -0.9511429, -0.911751, 0.5915625, -1.6898175, -0.30680907, -0.19988829, -0.53832126, 1.4399576, 0.17069113, 1.2254, -1.293956] line: 336
log time: 2024-09-30 03:03:03,844 level: INFO message: save task conf:/home/lilong/iSafeRM/output/results/social_network/iSafeRM-2024-09-30-02-02-49-wk20-sn_5causal_3parameters/conf/3_conf.yml line: 340
log time: 2024-09-30 03:03:03,846 level: INFO message: Task 3 start, please wait several minutes to generate result... line: 171
log time: 2024-09-30 03:22:33,271 level: INFO message: original_observation: [0.8, 0.08, 0.0, 0.0, 0.46, 4.2, 1.62, 2.01, 18.55, 0.6, 32.0, 20, 3.003] line: 205
log time: 2024-09-30 03:22:33,272 level: INFO message: observation: [0.8, 0.08, 0.0, 0.0, 0.46, 4.2, 1.62, 2.01, 18.55, 0.6, 32.0, 20, 3.003] line: 223
log time: 2024-09-30 03:22:33,272 level: INFO message: terminated/truncated: False line: 224
log time: 2024-09-30 03:22:33,272 level: INFO message: reward: 0.0 line: 225
log time: 2024-09-30 03:22:33,272 level: INFO message: cost: 0 line: 226
log time: 2024-09-30 03:22:33,293 level: INFO message: action: [-1.409424, 0.23927116, -0.09157145, -0.05661732, 0.5634966, 0.79913473, 0.013784647, -1.8325247, -0.9303046, 0.4843588, 0.45075727, -1.2065703, -1.607966, 0.6954566, 0.11464393, -1.0099614] line: 336
log time: 2024-09-30 03:22:33,294 level: INFO message: save task conf:/home/lilong/iSafeRM/output/results/social_network/iSafeRM-2024-09-30-02-02-49-wk20-sn_5causal_3parameters/conf/4_conf.yml line: 340
log time: 2024-09-30 03:22:33,301 level: INFO message: Task 4 start, please wait several minutes to generate result... line: 171
log time: 2024-09-30 03:42:10,470 level: INFO message: original_observation: [0.82, 0.0, 0.0, 0.0, 0.48, 4.7, 1.62, 1.13, 9.34, 0.6, 32.0, 20, 2.885] line: 205
log time: 2024-09-30 03:42:10,470 level: INFO message: observation: [0.82, 0.0, 0.0, 0.0, 0.48, 4.7, 1.62, 1.13, 9.34, 0.6, 32.0, 20, 2.885] line: 223
log time: 2024-09-30 03:42:10,470 level: INFO message: terminated/truncated: False line: 224
log time: 2024-09-30 03:42:10,470 level: INFO message: reward: 1.01 line: 225
log time: 2024-09-30 03:42:10,470 level: INFO message: cost: 0 line: 226
log time: 2024-09-30 03:42:10,488 level: INFO message: action: [-3.1642919, 1.0209999, 1.3684928, 0.7662127, -1.3510255, -0.3100072, -1.21326, -1.7049258, -1.7631772, 0.2973554, 1.0064409, 0.38026094, -0.25204408, -1.2990121, -0.74623764, 0.11285651] line: 336
log time: 2024-09-30 03:42:10,489 level: INFO message: save task conf:/home/lilong/iSafeRM/output/results/social_network/iSafeRM-2024-09-30-02-02-49-wk20-sn_5causal_3parameters/conf/5_conf.yml line: 340
log time: 2024-09-30 03:42:10,494 level: INFO message: Task 5 start, please wait several minutes to generate result... line: 171
log time: 2024-09-30 04:01:39,470 level: INFO message: original_observation: [0.82, 0.04, 0.0, 0.0, 0.45, 6.26, 1.62, 1.25, 9.34, 0.88, 32.0, 20, 2.997] line: 205
log time: 2024-09-30 04:01:39,470 level: INFO message: observation: [0.82, 0.04, 0.0, 0.0, 0.45, 6.26, 1.62, 1.25, 9.34, 0.88, 32.0, 20, 2.997] line: 223
log time: 2024-09-30 04:01:39,470 level: INFO message: terminated/truncated: False line: 224
log time: 2024-09-30 04:01:39,471 level: INFO message: reward: 0.7 line: 225
log time: 2024-09-30 04:01:39,471 level: INFO message: cost: 0 line: 226
log time: 2024-09-30 04:01:39,482 level: INFO message: action: [-3.1734407, 0.90629864, -0.32888722, 0.9026089, -0.22056365, -0.16614228, 0.31687915, -0.9033034, 0.66167665, 0.6901568, 1.2765293, 1.2273936, -0.5053063, -1.3178732, 1.1285574, 0.2720194] line: 336
log time: 2024-09-30 04:01:39,482 level: INFO message: save task conf:/home/lilong/iSafeRM/output/results/social_network/iSafeRM-2024-09-30-02-02-49-wk20-sn_5causal_3parameters/conf/6_conf.yml line: 340
log time: 2024-09-30 04:01:39,484 level: INFO message: Task 6 start, please wait several minutes to generate result... line: 171
log time: 2024-09-30 04:21:09,743 level: INFO message: original_observation: [0.83, 0.0, 0.0, 0.0, 0.47, 7.86, 2.02, 1.89, 6.17, 0.58, 34.0, 20, 3.067] line: 205
log time: 2024-09-30 04:21:09,743 level: INFO message: observation: [0.83, 0.0, 0.0, 0.0, 0.47, 7.86, 2.02, 1.89, 6.17, 0.58, 34.0, 20, 3.067] line: 223
log time: 2024-09-30 04:21:09,743 level: INFO message: terminated/truncated: False line: 224
log time: 2024-09-30 04:21:09,743 level: INFO message: reward: 0.0 line: 225
log time: 2024-09-30 04:21:09,743 level: INFO message: cost: 0 line: 226
log time: 2024-09-30 04:21:09,753 level: INFO message: action: [2.4924843, -0.19141847, -0.428536, -0.73420346, 0.025330901, 0.24760258, -0.38307434, 0.1405884, -0.0044127703, 1.0673656, -0.7505752, -1.148955, 0.12771475, 1.1160378, -0.54548794, 2.117072] line: 336
log time: 2024-09-30 04:21:09,753 level: INFO message: save task conf:/home/lilong/iSafeRM/output/results/social_network/iSafeRM-2024-09-30-02-02-49-wk20-sn_5causal_3parameters/conf/7_conf.yml line: 340
log time: 2024-09-30 04:21:09,757 level: INFO message: Task 7 start, please wait several minutes to generate result... line: 171
log time: 2024-09-30 04:40:38,912 level: INFO message: original_observation: [0.83, 0.04, 0.0, 0.0, 0.43, 7.86, 2.51, 4.08, 4.66, 0.68, 33.0, 20, 2.977] line: 205
log time: 2024-09-30 04:40:38,913 level: INFO message: observation: [0.83, 0.04, 0.0, 0.0, 0.43, 7.86, 2.51, 4.08, 4.66, 0.68, 33.0, 20, 2.977] line: 223
log time: 2024-09-30 04:40:38,913 level: INFO message: terminated/truncated: False line: 224
log time: 2024-09-30 04:40:38,913 level: INFO message: reward: 1.03 line: 225
log time: 2024-09-30 04:40:38,913 level: INFO message: cost: 0 line: 226
log time: 2024-09-30 04:40:38,926 level: INFO message: action: [-1.6620386, 0.16289854, -2.6054823, 2.6917217, -0.49429035, -1.4684283, 0.5576911, 0.46093547, 1.1699874, -2.4990325, -1.5109879, 0.7857363, 0.8041885, -1.4420335, -0.6205572, 0.041087627] line: 336
log time: 2024-09-30 04:40:38,926 level: INFO message: save task conf:/home/lilong/iSafeRM/output/results/social_network/iSafeRM-2024-09-30-02-02-49-wk20-sn_5causal_3parameters/conf/8_conf.yml line: 340
log time: 2024-09-30 04:40:38,929 level: INFO message: Task 8 start, please wait several minutes to generate result... line: 171
log time: 2024-09-30 04:59:43,739 level: INFO message: original_observation: [0.83, 0.02, 0.0, 0.0, 0.42, 7.84, 3.8, 1.1, 6.18, 0.9, 24.0, 20, 2.883] line: 205
log time: 2024-09-30 04:59:43,740 level: INFO message: observation: [0.83, 0.02, 0.0, 0.0, 0.42, 7.84, 3.8, 1.1, 6.18, 0.9, 24.0, 20, 2.883] line: 223
log time: 2024-09-30 04:59:43,740 level: INFO message: terminated/truncated: False line: 224
log time: 2024-09-30 04:59:43,740 level: INFO message: reward: 1.27 line: 225
log time: 2024-09-30 04:59:43,740 level: INFO message: cost: 0 line: 226
log time: 2024-09-30 04:59:43,750 level: INFO message: action: [-0.2502159, 0.8917366, 1.5464535, -0.96003294, 0.1595161, -0.050758183, -0.5983096, -0.28691268, 0.9564426, -0.13237292, -1.2261509, 0.37514365, -0.74810266, -0.03212142, -1.2260764, 0.44156098] line: 336
log time: 2024-09-30 04:59:43,750 level: INFO message: save task conf:/home/lilong/iSafeRM/output/results/social_network/iSafeRM-2024-09-30-02-02-49-wk20-sn_5causal_3parameters/conf/9_conf.yml line: 340
log time: 2024-09-30 04:59:43,753 level: INFO message: Task 9 start, please wait several minutes to generate result... line: 171
log time: 2024-09-30 05:19:15,064 level: INFO message: original_observation: [0.82, 0.04, 0.0, 0.0, 0.42, 9.41, 2.81, 2.27, 6.18, 1.42, 24.0, 20, 2.975] line: 205
log time: 2024-09-30 05:19:15,065 level: INFO message: observation: [0.82, 0.04, 0.0, 0.0, 0.42, 9.41, 2.81, 2.27, 6.18, 1.42, 24.0, 20, 2.975] line: 223
log time: 2024-09-30 05:19:15,065 level: INFO message: terminated/truncated: False line: 224
log time: 2024-09-30 05:19:15,065 level: INFO message: reward: 0.7 line: 225
log time: 2024-09-30 05:19:15,065 level: INFO message: cost: 0 line: 226
log time: 2024-09-30 05:19:15,078 level: INFO message: action: [1.0498922, 1.8398623, -0.057789147, 0.20031333, 0.120859385, 0.69080937, 0.013658524, 0.85426426, -1.1830177, -1.3200964, -0.20577013, 0.045461893, -0.13174313, 0.4670794, -0.6853654, -0.74377394] line: 336
log time: 2024-09-30 05:19:15,078 level: INFO message: save task conf:/home/lilong/iSafeRM/output/results/social_network/iSafeRM-2024-09-30-02-02-49-wk20-sn_5causal_3parameters/conf/10_conf.yml line: 340
log time: 2024-09-30 05:19:15,084 level: INFO message: Task 10 start, please wait several minutes to generate result... line: 171
log time: 2024-09-30 05:37:31,766 level: INFO message: original_observation: [0.83, 0.0, 0.0, 0.0, 0.51, 6.28, 2.81, 0.83, 9.25, 3.33, 23.0, 20, 2.995] line: 205
log time: 2024-09-30 05:37:31,767 level: INFO message: observation: [0.83, 0.0, 0.0, 0.0, 0.51, 6.28, 2.81, 0.83, 9.25, 3.33, 23.0, 20, 2.995] line: 223
log time: 2024-09-30 05:37:31,767 level: INFO message: terminated/truncated: False line: 224
log time: 2024-09-30 05:37:31,767 level: INFO message: reward: 0.73 line: 225
log time: 2024-09-30 05:37:31,767 level: INFO message: cost: 0 line: 226
log time: 2024-09-30 05:37:31,779 level: INFO message: action: [1.3161242, -0.49143398, -0.4036587, 0.99886584, 1.510088, -1.3343482, 0.4021237, 0.43184006, -0.046162426, 0.49768078, 0.229833, 0.40141308, -1.0982938, -0.49003053, -0.3081721, -0.07341474] line: 336
log time: 2024-09-30 05:37:31,779 level: INFO message: save task conf:/home/lilong/iSafeRM/output/results/social_network/iSafeRM-2024-09-30-02-02-49-wk20-sn_5causal_3parameters/conf/11_conf.yml line: 340
log time: 2024-09-30 05:37:31,782 level: INFO message: Task 11 start, please wait several minutes to generate result... line: 171
log time: 2024-09-30 05:56:48,972 level: INFO message: original_observation: [0.83, 0.0, 0.0, 0.0, 0.52, 4.71, 4.3, 0.77, 6.14, 3.69, 24.0, 20, 3.031] line: 205
log time: 2024-09-30 05:56:48,973 level: INFO message: observation: [0.83, 0.0, 0.0, 0.0, 0.52, 4.71, 4.3, 0.77, 6.14, 3.69, 24.0, 20, 3.031] line: 223
log time: 2024-09-30 05:56:48,973 level: INFO message: terminated/truncated: False line: 224
log time: 2024-09-30 05:56:48,973 level: INFO message: reward: 0.0 line: 225
log time: 2024-09-30 05:56:48,973 level: INFO message: cost: 0 line: 226
log time: 2024-09-30 05:56:48,982 level: INFO message: action: [0.8598933, -0.7305642, 2.4818037, -0.2808221, -0.36779058, -1.3107165, 0.46508098, 1.7468286, 1.2336297, -0.34118193, -0.82447225, 0.09894526, -0.08213484, -1.2702374, 1.0349016, -0.3716675] line: 336
log time: 2024-09-30 05:56:48,983 level: INFO message: save task conf:/home/lilong/iSafeRM/output/results/social_network/iSafeRM-2024-09-30-02-02-49-wk20-sn_5causal_3parameters/conf/12_conf.yml line: 340
log time: 2024-09-30 05:56:48,989 level: INFO message: Task 12 start, please wait several minutes to generate result... line: 171
log time: 2024-09-30 06:16:04,974 level: INFO message: original_observation: [0.82, 0.07, 0.0, 0.41, 0.49, 4.4, 3.59, 1.67, 3.39, 1.53, 23.0, 20, 2.907] line: 205
log time: 2024-09-30 06:16:04,974 level: INFO message: observation: [0.82, 0.07, 0.0, 0.41, 0.49, 4.4, 3.59, 1.67, 3.39, 1.53, 23.0, 20, 2.907] line: 223
log time: 2024-09-30 06:16:04,974 level: INFO message: terminated/truncated: False line: 224
log time: 2024-09-30 06:16:04,974 level: INFO message: reward: 1.04 line: 225
log time: 2024-09-30 06:16:04,974 level: INFO message: cost: 0 line: 226
log time: 2024-09-30 06:16:04,980 level: INFO message: action: [-0.13936722, 0.9382024, 0.46513534, 1.0493784, -1.0598539, -1.9920502, -0.76606166, 1.6582525, 0.27379847, -1.4936756, -0.5508325, -0.527997, -0.89417225, 0.29484177, -1.9857057, -1.0933466] line: 336
log time: 2024-09-30 06:16:04,981 level: INFO message: save task conf:/home/lilong/iSafeRM/output/results/social_network/iSafeRM-2024-09-30-02-02-49-wk20-sn_5causal_3parameters/conf/13_conf.yml line: 340
log time: 2024-09-30 06:16:04,983 level: INFO message: Task 13 start, please wait several minutes to generate result... line: 171
log time: 2024-09-30 06:35:21,772 level: INFO message: original_observation: [0.82, 0.03, 0.0, 0.0, 0.48, 3.74, 2.13, 1.77, 16.8, 2.21, 29.0, 20, 2.985] line: 205
log time: 2024-09-30 06:35:21,772 level: INFO message: observation: [0.82, 0.03, 0.0, 0.0, 0.48, 3.74, 2.13, 1.77, 16.8, 2.21, 29.0, 20, 2.985] line: 223
log time: 2024-09-30 06:35:21,772 level: INFO message: terminated/truncated: False line: 224
log time: 2024-09-30 06:35:21,772 level: INFO message: reward: 0.0 line: 225
log time: 2024-09-30 06:35:21,772 level: INFO message: cost: 0 line: 226
log time: 2024-09-30 06:35:21,781 level: INFO message: action: [-0.7719196, -0.68551326, 0.96625066, -1.0159159, 0.7380825, 0.5071995, -0.6083888, 0.5875149, 0.23258984, 0.84385633, -0.4038986, -1.9201568, 1.6249666, 1.7303965, -1.3583264, 0.42638564] line: 336
log time: 2024-09-30 06:35:21,782 level: INFO message: save task conf:/home/lilong/iSafeRM/output/results/social_network/iSafeRM-2024-09-30-02-02-49-wk20-sn_5causal_3parameters/conf/14_conf.yml line: 340
log time: 2024-09-30 06:35:21,785 level: INFO message: Task 14 start, please wait several minutes to generate result... line: 171
log time: 2024-09-30 06:54:38,255 level: INFO message: original_observation: [0.83, 0.08, 0.0, 0.0, 0.45, 4.72, 1.68, 1.82, 9.4, 3.08, 23.0, 20, 3.067] line: 205
log time: 2024-09-30 06:54:38,255 level: INFO message: observation: [0.83, 0.08, 0.0, 0.0, 0.45, 4.72, 1.68, 1.82, 9.4, 3.08, 23.0, 20, 3.067] line: 223
log time: 2024-09-30 06:54:38,255 level: INFO message: terminated/truncated: False line: 224
log time: 2024-09-30 06:54:38,255 level: INFO message: reward: 0.88 line: 225
log time: 2024-09-30 06:54:38,255 level: INFO message: cost: 0 line: 226
log time: 2024-09-30 06:54:38,264 level: INFO message: action: [2.4375067, -1.6985362, -0.011085987, 0.37361395, 0.68314743, -0.3822505, -0.016536415, -0.122235894, 1.0225606, -0.26133645, -0.6191435, 1.8421679, -2.6193016, 0.16423297, -1.5772489, 0.5362309] line: 336
log time: 2024-09-30 06:54:38,265 level: INFO message: save task conf:/home/lilong/iSafeRM/output/results/social_network/iSafeRM-2024-09-30-02-02-49-wk20-sn_5causal_3parameters/conf/15_conf.yml line: 340
log time: 2024-09-30 06:54:38,267 level: INFO message: Task 15 start, please wait several minutes to generate result... line: 171
